14:46:27.308 [main] INFO  resources.TestBase - Driver is initailize
14:46:29.949 [main] INFO  resources.TestBase - Logging to the application
14:46:31.481 [main] INFO  resources.TestBase - Successfully logged in to the appliction
14:46:31.506 [main] INFO  resources.TestBase - Logging out of the application
14:46:33.815 [main] INFO  resources.TestBase - Successfully logged out of the application
14:46:33.815 [main] INFO  resources.TestBase - User has navigated to the dashboard page
14:46:47.416 [main] INFO  resources.TestBase - Driver is initailize
14:46:51.350 [main] INFO  resources.TestBase - Validated the error message for blank id
14:47:04.835 [main] INFO  resources.TestBase - Driver is initailize
14:47:08.401 [main] INFO  resources.TestBase - Validated the error message for blank password
14:47:21.537 [main] INFO  resources.TestBase - Driver is initailize
14:47:25.563 [main] INFO  resources.TestBase - Validated the error message for invalid id
14:51:22.626 [main] INFO  resources.TestBase - Picking data login
14:51:22.630 [main] INFO  resources.TestBase - Login data successfully picked
14:51:38.495 [main] INFO  resources.TestBase - Driver is initailize
14:51:40.624 [main] INFO  resources.TestBase - Logging to the application
14:51:42.165 [main] INFO  resources.TestBase - Successfully logged in to the appliction
14:51:42.188 [main] INFO  resources.TestBase - Logging out of the application
14:51:44.512 [main] INFO  resources.TestBase - Successfully logged out of the application
14:51:44.512 [main] INFO  resources.TestBase - User has navigated to the dashboard page
14:51:58.369 [main] INFO  resources.TestBase - Driver is initailize
14:52:01.865 [main] INFO  resources.TestBase - Validated the error message for blank id
14:52:14.752 [main] INFO  resources.TestBase - Driver is initailize
14:52:19.573 [main] INFO  resources.TestBase - Validated the error message for blank password
14:52:32.780 [main] INFO  resources.TestBase - Driver is initailize
14:52:37.517 [main] INFO  resources.TestBase - Validated the error message for invalid id
14:52:50.503 [main] INFO  resources.TestBase - Driver is initailize
14:52:55.019 [main] INFO  resources.TestBase - Successfully login to the application
14:52:56.130 [main] INFO  resources.TestBase - tapping on issue option
14:52:56.716 [main] INFO  resources.TestBase - navigated to issue listing page
14:52:58.054 [main] INFO  resources.TestBase - navigated to issue creation page
14:52:58.059 [main] INFO  resources.TestBase - Filling the issue creation form
14:52:59.728 [main] INFO  resources.TestBase - issue title set : 5RGSS9E0Y9XSXYPDL5
14:53:00.659 [main] INFO  resources.TestBase - entered description
14:53:01.103 [main] INFO  resources.TestBase - entered impact
14:53:02.175 [main] INFO  resources.TestBase - entered indetfiedDate
14:53:05.535 [main] INFO  resources.TestBase - entered dueDate
14:53:09.127 [main] INFO  resources.TestBase - selected assigned owner
14:53:09.877 [main] INFO  resources.TestBase - selected severity
14:53:10.824 [main] INFO  resources.TestBase - selected milestone
14:53:12.824 [main] INFO  resources.TestBase - Submitted the issue
14:54:27.213 [main] INFO  resources.TestBase - Picking data login
14:54:27.217 [main] INFO  resources.TestBase - Login data successfully picked
14:54:42.057 [main] INFO  resources.TestBase - Driver is initailize
14:54:44.235 [main] INFO  resources.TestBase - Logging to the application
14:54:45.812 [main] INFO  resources.TestBase - Successfully logged in to the appliction
14:54:45.850 [main] INFO  resources.TestBase - Logging out of the application
14:54:48.030 [main] INFO  resources.TestBase - Successfully logged out of the application
14:54:48.031 [main] INFO  resources.TestBase - User has navigated to the dashboard page
14:55:01.364 [main] INFO  resources.TestBase - Driver is initailize
14:55:05.081 [main] INFO  resources.TestBase - Validated the error message for blank id
14:55:18.905 [main] INFO  resources.TestBase - Driver is initailize
14:55:22.989 [main] INFO  resources.TestBase - Validated the error message for blank password
14:55:36.181 [main] INFO  resources.TestBase - Driver is initailize
14:55:40.402 [main] INFO  resources.TestBase - Validated the error message for invalid id
14:55:53.885 [main] INFO  resources.TestBase - Driver is initailize
14:55:58.069 [main] INFO  resources.TestBase - Successfully login to the application
14:55:59.215 [main] INFO  resources.TestBase - tapping on issue option
14:55:59.554 [main] INFO  resources.TestBase - navigated to issue listing page
14:56:01.164 [main] INFO  resources.TestBase - navigated to issue creation page
14:56:01.172 [main] INFO  resources.TestBase - Filling the issue creation form
14:56:02.919 [main] INFO  resources.TestBase - issue title set : 2JWJGJ6N8IQLTQP96E
14:56:03.926 [main] INFO  resources.TestBase - entered description
14:56:04.377 [main] INFO  resources.TestBase - entered impact
14:56:05.526 [main] INFO  resources.TestBase - entered indetfiedDate
14:56:08.955 [main] INFO  resources.TestBase - entered dueDate
14:56:12.563 [main] INFO  resources.TestBase - selected assigned owner
14:56:13.445 [main] INFO  resources.TestBase - selected severity
14:56:14.401 [main] INFO  resources.TestBase - selected milestone
14:56:16.402 [main] INFO  resources.TestBase - Submitted the issue
15:01:05.648 [main] INFO  resources.TestBase - Driver is initailize
15:01:09.605 [main] INFO  resources.TestBase - Successfully login to the application
15:01:10.816 [main] INFO  resources.TestBase - tapping on issue option
15:01:11.446 [main] INFO  resources.TestBase - navigated to issue listing page
15:01:12.853 [main] INFO  resources.TestBase - navigated to issue creation page
15:01:12.857 [main] INFO  resources.TestBase - Filling the issue creation form
15:01:14.481 [main] INFO  resources.TestBase - issue title set : ES9RH04EYRKR7FE23F
15:01:15.451 [main] INFO  resources.TestBase - entered description
15:01:15.963 [main] INFO  resources.TestBase - entered impact
15:01:17.093 [main] INFO  resources.TestBase - entered indetfiedDate
15:01:20.347 [main] INFO  resources.TestBase - entered dueDate
15:01:23.934 [main] INFO  resources.TestBase - selected assigned owner
15:01:24.672 [main] INFO  resources.TestBase - selected severity
15:01:25.518 [main] INFO  resources.TestBase - selected milestone
15:01:27.519 [main] INFO  resources.TestBase - Submitted the issue
15:02:56.588 [main] INFO  resources.TestBase - Driver is initailize
15:03:00.227 [main] INFO  resources.TestBase - Successfully login to the application
15:03:01.395 [main] INFO  resources.TestBase - tapping on issue option
15:03:01.999 [main] INFO  resources.TestBase - navigated to issue listing page
15:03:03.452 [main] INFO  resources.TestBase - navigated to issue creation page
15:03:03.460 [main] INFO  resources.TestBase - Filling the issue creation form
15:03:05.049 [main] INFO  resources.TestBase - issue title set : 888QV162VAVT274GBY
15:03:06.034 [main] INFO  resources.TestBase - entered description
15:03:06.524 [main] INFO  resources.TestBase - entered impact
15:03:07.647 [main] INFO  resources.TestBase - entered indetfiedDate
15:03:10.669 [main] INFO  resources.TestBase - entered dueDate
15:03:13.407 [main] INFO  resources.TestBase - selected assigned owner
15:03:14.212 [main] INFO  resources.TestBase - selected severity
15:03:15.078 [main] INFO  resources.TestBase - selected milestone
15:03:17.078 [main] INFO  resources.TestBase - Submitted the issue
15:04:39.339 [main] INFO  resources.TestBase - Driver is initailize
15:04:43.298 [main] INFO  resources.TestBase - Successfully login to the application
15:04:44.354 [main] INFO  resources.TestBase - tapping on issue option
15:04:44.961 [main] INFO  resources.TestBase - navigated to issue listing page
15:04:46.337 [main] INFO  resources.TestBase - navigated to issue creation page
15:04:46.344 [main] INFO  resources.TestBase - Filling the issue creation form
15:04:48.023 [main] INFO  resources.TestBase - issue title set : SS7C3XJ0RFUMD0DF5P
15:04:49.058 [main] INFO  resources.TestBase - entered description
15:04:49.540 [main] INFO  resources.TestBase - entered impact
15:04:50.598 [main] INFO  resources.TestBase - entered indetfiedDate
15:04:54.227 [main] INFO  resources.TestBase - entered dueDate
15:04:58.039 [main] INFO  resources.TestBase - selected assigned owner
15:04:58.973 [main] INFO  resources.TestBase - selected severity
15:04:59.889 [main] INFO  resources.TestBase - selected milestone
15:05:01.890 [main] INFO  resources.TestBase - Submitted the issue
14:49:03.370 [main] INFO  resources.TestBase - statring test case name : MTC002IssueCreation
14:49:33.343 [main] ERROR resources.TestBase - Class ExcelUtil | Method getRowContains | Exception desc : null
14:50:56.102 [main] INFO  resources.TestBase - statring test case name : MTC002IssueCreation
14:50:56.708 [main] ERROR resources.TestBase - Class ExcelUtil | Method getRowContains | Exception desc : null
14:51:26.804 [main] INFO  resources.TestBase - statring test case name : MTC002IssueCreation
14:52:36.887 [main] ERROR resources.TestBase - Class ExcelUtil | Method getRowContains | Exception desc : null
14:57:42.214 [main] INFO  resources.TestBase - statring test case name : MTC002IssueCreation
14:57:42.870 [main] ERROR resources.TestBase - Class ExcelUtil | Method getRowContains | Exception desc : null
14:57:57.466 [main] INFO  resources.TestBase - statring test case name : MTC002IssueCreation
14:58:14.129 [main] ERROR resources.TestBase - Class ExcelUtil | Method getRowContains | Exception desc : null
15:01:54.124 [main] INFO  resources.TestBase - statring test case name : MTC002IssueCreation
15:04:18.216 [main] INFO  resources.TestBase - statring test case name : MTC002IssueCreation
15:04:18.868 [main] ERROR resources.TestBase - Class ExcelUtil | Method getRowContains | Exception desc : null
15:04:29.396 [main] INFO  resources.TestBase - statring test case name : MTC002IssueCreation
